Build started 4/12/2016 10:30:45 PM.
     1>Project "C:\Users\Dell\Documents\OCAF\TCH research 20160211\PlasticSurgeryJournal\OpenGL_Project\Change3Dfile\Change3Dfile\Change3Dfile.vcxproj" on node 2 (build target(s)).
     1>InitializeBuildStatus:
         Creating "Debug\Change3Dfile.unsuccessfulbuild" because "AlwaysCreate" was specified.
       ClCompile:
         C:\Program Files (x86)\Microsoft Visual Studio 10.0\VC\bin\CL.exe /c /ZI /nologo /W3 /WX- /Od /Oy- /D WIN32 /D _DEBUG /D _CONSOLE /D _UNICODE /D UNICODE /Gm /EHsc /RTC1 /MDd /GS /fp:precise /Zc:wchar_t /Zc:forScope /Fo"Debug\\" /Fd"Debug\vc100.pdb" /Gd /TP /analyze- /errorReport:prompt change3Dfile.cpp
         change3Dfile.cpp
     1>c:\users\dell\documents\ocaf\tch research 20160211\plasticsurgeryjournal\opengl_project\change3dfile\change3dfile\change3dfile.cpp(69): warning C4101: 'VTindex2' : unreferenced local variable
     1>c:\users\dell\documents\ocaf\tch research 20160211\plasticsurgeryjournal\opengl_project\change3dfile\change3dfile\change3dfile.cpp(69): warning C4101: 'VTindex3' : unreferenced local variable
     1>c:\users\dell\documents\ocaf\tch research 20160211\plasticsurgeryjournal\opengl_project\change3dfile\change3dfile\change3dfile.cpp(72): warning C4101: 'c' : unreferenced local variable
     1>c:\users\dell\documents\ocaf\tch research 20160211\plasticsurgeryjournal\opengl_project\change3dfile\change3dfile\change3dfile.cpp(69): warning C4101: 'VTindex1' : unreferenced local variable
       Link:
         C:\Program Files (x86)\Microsoft Visual Studio 10.0\VC\bin\link.exe /ERRORREPORT:PROMPT /OUT:"C:\Users\Dell\Documents\OCAF\TCH research 20160211\PlasticSurgeryJournal\OpenGL_Project\Change3Dfile\Debug\Change3Dfile.exe" /INCREMENTAL /NOLOGO kernel32.lib user32.lib gdi32.lib winspool.lib comdlg32.lib advapi32.lib shell32.lib ole32.lib oleaut32.lib uuid.lib odbc32.lib odbccp32.lib /MANIFEST /ManifestFile:"Debug\Change3Dfile.exe.intermediate.manifest" /MANIFESTUAC:"level='asInvoker' uiAccess='false'" /DEBUG /PDB:"C:\Users\Dell\Documents\OCAF\TCH research 20160211\PlasticSurgeryJournal\OpenGL_Project\Change3Dfile\Debug\Change3Dfile.pdb" /SUBSYSTEM:CONSOLE /TLBID:1 /DYNAMICBASE /NXCOMPAT /IMPLIB:"C:\Users\Dell\Documents\OCAF\TCH research 20160211\PlasticSurgeryJournal\OpenGL_Project\Change3Dfile\Debug\Change3Dfile.lib" /MACHINE:X86 Debug\change3Dfile.obj
         LINK : C:\Users\Dell\Documents\OCAF\TCH research 20160211\PlasticSurgeryJournal\OpenGL_Project\Change3Dfile\Debug\Change3Dfile.exe not found or not built by the last incremental link; performing full link
         Change3Dfile.vcxproj -> C:\Users\Dell\Documents\OCAF\TCH research 20160211\PlasticSurgeryJournal\OpenGL_Project\Change3Dfile\Debug\Change3Dfile.exe
       Manifest:
         C:\Program Files (x86)\Microsoft SDKs\Windows\v7.0A\bin\mt.exe /nologo /verbose /out:"C:\Users\Dell\Documents\OCAF\TCH research 20160211\PlasticSurgeryJournal\OpenGL_Project\Change3Dfile\Debug\Change3Dfile.exe.manifest" /manifest Debug\Change3Dfile.exe.intermediate.manifest
       FinalizeBuildStatus:
         Deleting file "Debug\Change3Dfile.unsuccessfulbuild".
         Touching "Debug\Change3Dfile.lastbuildstate".
     1>Done Building Project "C:\Users\Dell\Documents\OCAF\TCH research 20160211\PlasticSurgeryJournal\OpenGL_Project\Change3Dfile\Change3Dfile\Change3Dfile.vcxproj" (build target(s)).

Build succeeded.

Time Elapsed 00:00:16.12
