Build started 4/15/2016 4:15:56 AM.
     1>Project "C:\Users\Dell\Documents\TestGround\OCAFTests\CPDPostProcessing\CPDPostProcessing\CPDPostProcessing.vcxproj" on node 2 (build target(s)).
     1>InitializeBuildStatus:
         Creating "Release\CPDPostProcessing.unsuccessfulbuild" because "AlwaysCreate" was specified.
       ClCompile:
         All outputs are up-to-date.
         C:\Program Files (x86)\Microsoft Visual Studio 10.0\VC\bin\CL.exe /c /Zi /nologo /W3 /WX- /O2 /Oi /Oy- /GL /D WIN32 /D NDEBUG /D _CONSOLE /D _UNICODE /D UNICODE /Gm- /EHsc /MD /GS /Gy /fp:precise /Zc:wchar_t /Zc:forScope /Yu"StdAfx.h" /Fp"Release\CPDPostProcessing.pch" /Fo"Release\\" /Fd"Release\vc100.pdb" /Gd /TP /analyze- /errorReport:prompt CPDPostProcessing.cpp
         CPDPostProcessing.cpp
       Link:
         C:\Program Files (x86)\Microsoft Visual Studio 10.0\VC\bin\link.exe /ERRORREPORT:PROMPT /OUT:"C:\Users\Dell\Documents\TestGround\OCAFTests\CPDPostProcessing\Release\CPDPostProcessing.exe" /INCREMENTAL:NO /NOLOGO kernel32.lib user32.lib gdi32.lib winspool.lib comdlg32.lib advapi32.lib shell32.lib ole32.lib oleaut32.lib uuid.lib odbc32.lib odbccp32.lib /MANIFEST:NO /DEBUG /PDB:"C:\Users\Dell\Documents\TestGround\OCAFTests\CPDPostProcessing\Release\CPDPostProcessing.pdb" /SUBSYSTEM:CONSOLE /OPT:REF /OPT:ICF /LTCG /TLBID:1 /DYNAMICBASE /NXCOMPAT /IMPLIB:"C:\Users\Dell\Documents\TestGround\OCAFTests\CPDPostProcessing\Release\CPDPostProcessing.lib" /MACHINE:X86 Release\CPDPostProcessing.obj
         Release\stdafx.obj
         Generating code
         Finished generating code
         CPDPostProcessing.vcxproj -> C:\Users\Dell\Documents\TestGround\OCAFTests\CPDPostProcessing\Release\CPDPostProcessing.exe
       FinalizeBuildStatus:
         Deleting file "Release\CPDPostProcessing.unsuccessfulbuild".
         Touching "Release\CPDPostProcessing.lastbuildstate".
     1>Done Building Project "C:\Users\Dell\Documents\TestGround\OCAFTests\CPDPostProcessing\CPDPostProcessing\CPDPostProcessing.vcxproj" (build target(s)).

Build succeeded.

Time Elapsed 00:00:03.51
