Build started 9/11/2016 9:51:35 PM.
     1>Project "C:\Users\Dell\Documents\OCAF\TCH research 20160211\PlasticSurgeryJournal\PCL_Project\PCL_Project\PCL_Project.vcxproj" on node 2 (build target(s)).
     1>InitializeBuildStatus:
         Creating "Debug\PCL_Project.unsuccessfulbuild" because "AlwaysCreate" was specified.
       PreBuildEvent:
         xcopy /d /y "C:\Program Files (x86)\OpenNI\Bin\*.*" "C:\Users\Dell\Documents\OCAF\TCH research 20160211\PlasticSurgeryJournal\PCL_Project\Debug\"
         xcopy /d /y "C:\Program Files (x86)\PCL 1.6.0\bin\*.*" "C:\Users\Dell\Documents\OCAF\TCH research 20160211\PlasticSurgeryJournal\PCL_Project\Debug\"
         :VCEnd
         0 File(s) copied
         0 File(s) copied
       ClCompile:
         All outputs are up-to-date.
       Link:
         All outputs are up-to-date.
         PCL_Project.vcxproj -> C:\Users\Dell\Documents\OCAF\TCH research 20160211\PlasticSurgeryJournal\PCL_Project\Debug\PCL_Project.exe
       FinalizeBuildStatus:
         Deleting file "Debug\PCL_Project.unsuccessfulbuild".
         Touching "Debug\PCL_Project.lastbuildstate".
     1>Done Building Project "C:\Users\Dell\Documents\OCAF\TCH research 20160211\PlasticSurgeryJournal\PCL_Project\PCL_Project\PCL_Project.vcxproj" (build target(s)).

Build succeeded.

Time Elapsed 00:00:05.08
